GROUP,PACKAGE,CLASS,INSTRUCTION_MISSED,INSTRUCTION_COVERED,BRANCH_MISSED,BRANCH_COVERED,LINE_MISSED,LINE_COVERED,COMPLEXITY_MISSED,COMPLEXITY_COVERED,METHOD_MISSED,METHOD_COVERED
digitalnotes,com.group6.digitalnotes.dao,NoteDAO,12,116,2,6,7,38,2,7,0,5
digitalnotes,com.group6.digitalnotes.database,DBConnection,3,12,1,3,1,3,2,2,1,1
digitalnotes,com.group6.digitalnotes.model,Note,30,15,0,0,10,6,6,3,6,3
digitalnotes,com.group6.digitalnotes.view,View,328,332,31,1,90,69,35,6,19,6
digitalnotes,com.group6.digitalnotes.view,Main,6,0,0,0,3,0,2,0,2,0
