<?xml version="1.0" encoding="UTF-8"?>
<testsuite xmlns:xsi="http://www.w3.org/2001/XMLSchema-instance" xsi:noNamespaceSchemaLocation="https://maven.apache.org/surefire/maven-surefire-plugin/xsd/surefire-test-report-3.0.xsd" version="3.0" name="com.group6.digitalnotes.dao.NoteDAOTest" time="0.122" tests="7" errors="0" skipped="0" failures="0">
  <properties>
[...]
</properties>
  <testcase name="testAddNote" classname="com.group6.digitalnotes.dao.NoteDAOTest" time="0.059"/>
  <testcase name="testGetNotesForUser" classname="com.group6.digitalnotes.dao.NoteDAOTest" time="0.006"/>
  <testcase name="testGetNoteByTitle" classname="com.group6.digitalnotes.dao.NoteDAOTest" time="0.005"/>
  <testcase name="testDeleteNoteByTitle" classname="com.group6.digitalnotes.dao.NoteDAOTest" time="0.01"/>
  <testcase name="testAddMultipleNotes" classname="com.group6.digitalnotes.dao.NoteDAOTest" time="0.018"/>
  <testcase name="testGetNoteByTitleNotFound" classname="com.group6.digitalnotes.dao.NoteDAOTest" time="0.005"/>
  <testcase name="testGetNotesForNonExistentUser" classname="com.group6.digitalnotes.dao.NoteDAOTest" time="0.009"/>
</testsuite>