<?xml version="1.0" encoding="UTF-8"?>
<testsuite xmlns:xsi="http://www.w3.org/2001/XMLSchema-instance" xsi:noNamespaceSchemaLocation="https://maven.apache.org/surefire/maven-surefire-plugin/xsd/surefire-test-report-3.0.xsd" version="3.0" name="com.group6.digitalnotes.dao.NoteDAOTest" time="0.249" tests="4" errors="0" skipped="0" failures="0">
  <properties>
[...]
</properties>
  <testcase name="testAddNote" classname="com.group6.digitalnotes.dao.NoteDAOTest" time="0.227">
    <system-err><![CDATA[SLF4J: No SLF4J providers were found.
SLF4J: Defaulting to no-operation (NOP) logger implementation
SLF4J: See http://www.slf4j.org/codes.html#noProviders for further details.
]]></system-err>
  </testcase>
  <testcase name="testGetAllNotes" classname="com.group6.digitalnotes.dao.NoteDAOTest" time="0.005"/>
  <testcase name="testGetNoteByTitle" classname="com.group6.digitalnotes.dao.NoteDAOTest" time="0.003"/>
  <testcase name="testDeleteNoteByTitle" classname="com.group6.digitalnotes.dao.NoteDAOTest" time="0.007"/>
</testsuite>